C51 COMPILER V9.52.0.0   INTERRUPT                                                         10/24/2019 11:20:57 PAGE 1   


C51 COMPILER V9.52.0.0, COMPILATION OF MODULE INTERRUPT
OBJECT MODULE PLACED IN .\output\Interrupt.obj
COMPILER INVOKED BY: C:\Program Files (x86)\keil 51\C51\BIN\C51.EXE code\Interrupt.c LARGE OPTIMIZE(7,SPEED) BROWSE INCD
                    -IR(.\header;.\roidmi\inc) DEBUG OBJECTEXTEND PRINT(.\output\Interrupt.lst) TABS(2) OBJECT(.\output\Interrupt.obj)

line level    source

   1          /********************************************************************************
   2          Copyright (C), Sinowealth Electronic. Ltd.
   3          Author:   andyliu
   4          Version:  V0.0
   5          Date:     2014/05/30
   6          History:
   7            V0.0    2014/05/30     Preliminary
   8          ********************************************************************************/
   9          #include "system.h"
  10          
  11          //U8 xdata Short_flag = 0;
  12          //extern U8 xdata Sflag;
  13          
  14          
  15          /*******************************************************************************
  16          Function: 
  17          Description:  INT45
  18          Input:    
  19          Output: 
  20          Others:
  21          *******************************************************************************/
  22          void InterruptINT4(void) interrupt 10
  23          {
  24   1        //AFE报警输入
  25   1        if(IF47)                       //AFE ALARM
  26   1        {
  27   2          IF47 = 0;
  28   2          if(bPDFlg||bIdleFlg) //这边是为了低功耗模式2唤醒mcu用
  29   2          {
  30   3            InitClk();
  31   3            bWakeupFlg = 1;
  32   3          }
  33   2      #if 1
  34   2          bAlarmFlg = 1;  
  35   2      #endif
  36   2        }
  37   1        if(IF44)                       
  38   1        {
  39   2          IF44 = 0;
  40   2          if(bPDFlg || bIdleFlg)         //WakeUp
  41   2          {
  42   3            InitClk();    
  43   3      
  44   3            bWakeupFlg = 1; 
  45   3          }
  46   2        }
  47   1        if(IF40)                       //A地刷电机
  48   1        {
  49   2          IF40 = 0;
  50   2        }
  51   1      
  52   1        /***********20190925地刷短路中断***********/
  53   1      
  54   1      }
C51 COMPILER V9.52.0.0   INTERRUPT                                                         10/24/2019 11:20:57 PAGE 2   

  55          
  56          
  57          
  58          /*******************************************************************************
  59          Function: InterruptTimer0()
  60          Description:  20ms
  61          Input:    
  62          Output: 
  63          Others:
  64          *******************************************************************************/
  65          #if 1
  66          void InterruptTimer3(void)  interrupt 5
  67          {
  68   1        BANK1_SEL;
  69   1        TR3 = 0;
  70   1      //  TL3 = 0xC2;    
  71   1      //  TH3 = 0xB6;     //25mS
  72   1        TL3 = 0xD8;    //这边是内部时钟为93750 的时候
  73   1        TH3 = 0xF6;     //25mS
  74   1        TF3 = 0;
  75   1      //  TR3 = 1;
  76   1        BANK0_SEL;
  77   1      
  78   1        bTimer25msFlg = 1;
  79   1      
  80   1      //    if(bLEDChgFlg)            //charging flicker led 25*20=500mS
  81   1      //    {
  82   1      //        if(++ucLedFlickCnt >= 20)
  83   1      //        {
  84   1      //            ucLedFlickCnt = 0;
  85   1      //            LED_CHARGE ^= 1;
  86   1      //        }
  87   1      //    }
  88   1      //  else
  89   1      //  {
  90   1      //    LED_CHARGE = 0;
  91   1      //  }
  92   1      
  93   1      //    if(bBLEOPEN)            // BLE flicker 25*10=250mS
  94   1      //    {
  95   1      //        if(++ucBLEFlickCnt >= 10)
  96   1      //        {
  97   1      //            ucBLEFlickCnt = 0;
  98   1      //      LED1 ^= 1;
  99   1      //        }
 100   1      //    }
 101   1      //  else
 102   1      //  {
 103   1      //    LED1 = 0;
 104   1      //  } 
 105   1      //  IO_Error_1 = 1;
 106   1        if(++ucTimer3Cnt >= 40)           //1S
 107   1        {
 108   2          ucTimer3Cnt = 0;
 109   2          bTimer1sFlg = 1;
 110   2        }
 111   1      
 112   1        if(++ucUartTimeoutCnt >= 8)     //If not Uart communication within 200ms, then clear 
 113   1        {
 114   2          REN = 1;  //接收允许位
 115   2          ucUartBufPT = 0;
 116   2        }
C51 COMPILER V9.52.0.0   INTERRUPT                                                         10/24/2019 11:20:57 PAGE 3   

 117   1        
 118   1        BANK1_SEL;
 119   1        TR3 = 1;
 120   1        BANK0_SEL;
 121   1      //  ScanKey();              //Scankey not keyprocess ,in scankey will judge if have press key and set keyflag
 122   1      }
 123          #endif
 124          
 125          void InterruptINT3(void) interrupt 11  
 126          {
 127   1      //20190925
 128   1        if(IE3)//放电短路检测
 129   1        {
 130   2          IE3= 0;
 131   2          //检测到短路后，需要做的动作
 132   2          //保持放电mos开关关闭
 133   2      //    IO_Error_8 = 1;
 134   2          IO_DSG_MOS = 1;
 135   2          Short_flag = 1;//什么时候能允许呢
 136   2          //Sflag = 1;
 137   2        } 
 138   1         
 139   1      }


MODULE INFORMATION:   STATIC OVERLAYABLE
   CODE SIZE        =    196    ----
   CONSTANT SIZE    =   ----    ----
   XDATA SIZE       =   ----    ----
   PDATA SIZE       =   ----    ----
   DATA SIZE        =   ----    ----
   IDATA SIZE       =   ----    ----
   BIT SIZE         =   ----    ----
END OF MODULE INFORMATION.


C51 COMPILATION COMPLETE.  0 WARNING(S),  0 ERROR(S)
