C51 COMPILER V9.52.0.0   LED                                                               10/24/2019 11:21:00 PAGE 1   


C51 COMPILER V9.52.0.0, COMPILATION OF MODULE LED
OBJECT MODULE PLACED IN .\output\Led.obj
COMPILER INVOKED BY: C:\Program Files (x86)\keil 51\C51\BIN\C51.EXE code\Led.c LARGE OPTIMIZE(7,SPEED) BROWSE INCDIR(.\h
                    -eader;.\roidmi\inc) DEBUG OBJECTEXTEND PRINT(.\output\Led.lst) TABS(2) OBJECT(.\output\Led.obj)

line level    source

   1          /********************************************************************************
   2          Copyright (C), Sinowealth Electronic. Ltd.
   3          Author:   andyliu
   4          Version:  V0.0
   5          Date:     2014/05/30
   6          History:
   7            V0.0    2014/05/30     Preliminary
   8          ********************************************************************************/
   9          #include "System.h"
  10          
  11          
  12          /*******************************************************************************
  13          Function: LEDPowerOn(), LEDPowerOff()
  14          Description:  By LED displays battery capacity, long display time 4s
  15            bLEDNum1,0: The total number of LED
  16            Info.uiRSOC:   The percentage of remaining capacity
  17          Input:
  18          Output: 
  19          Others:
  20          *******************************************************************************/
  21          #if 0
              void LEDPowerOn(void)
              { 
                if(!bLEDNum1 && bLEDNum0)         //3'LED
                {
                  if(Info.uiRSOC > 60)
                  {
                    LEDOn3;
                  }
                  else if(Info.uiRSOC > 20)
                  {
                    LEDOn2;
                  }
                  else if(Info.uiRSOC > 0)
                  {
                    LEDOn1;
                  }
                  else
                  {
                    LEDOff;
                  }
                }
                else if(bLEDNum1 && !bLEDNum0)      //4'LED
                {
                  if(Info.uiRSOC > 75)
                  {
                    LEDOn4;
                  }
                  else if(Info.uiRSOC > 50)
                  {
                    LEDOn3;
                  }
                  else if(Info.uiRSOC > 25)
                  {
C51 COMPILER V9.52.0.0   LED                                                               10/24/2019 11:21:00 PAGE 2   

                    LEDOn2;
                  }
                  else if(Info.uiRSOC > 0)
                  {
                    LEDOn1;
                  }
                  else
                  {
                    LEDOff;
                  }
                }
                else if(bLEDNum1 && bLEDNum0)     //5'LED
                {
                  if(Info.uiRSOC > 80)
                  {
                    LEDOn5;
                  }
                  else if(Info.uiRSOC > 60)
                  {
                    LEDOn4;
                  }
                  else if(Info.uiRSOC > 40)
                  {
                    LEDOn3;
                  }
                  else if(Info.uiRSOC > 20)
                  {
                    LEDOn2;
                  }
                  else if(Info.uiRSOC > 0)
                  {
                    LEDOn1;
                  }
                  else
                  {
                    LEDOff;
                  }
                }
              }
              
              void LEDPowerOff(void)
              {
                if(bLEDOpen)            //LED display time counting
                {
                  if(++ucLEDTimeCnt >= 4)
                  {
                    ucLEDTimeCnt = 0;
                    bLEDOpen = 0;
                    LEDOff;
                  }
                }
              }
              #endif


MODULE INFORMATION:   STATIC OVERLAYABLE
   CODE SIZE        =   ----    ----
   CONSTANT SIZE    =   ----    ----
   XDATA SIZE       =   ----    ----
   PDATA SIZE       =   ----    ----
   DATA SIZE        =   ----    ----
   IDATA SIZE       =   ----    ----
C51 COMPILER V9.52.0.0   LED                                                               10/24/2019 11:21:00 PAGE 3   

   BIT SIZE         =   ----    ----
END OF MODULE INFORMATION.


C51 COMPILATION COMPLETE.  0 WARNING(S),  0 ERROR(S)
