C51 COMPILER V9.52.0.0   MCUFLASH                                                          10/24/2019 15:16:24 PAGE 1   


C51 COMPILER V9.52.0.0, COMPILATION OF MODULE MCUFLASH
OBJECT MODULE PLACED IN .\output\McuFlash.obj
COMPILER INVOKED BY: C:\Program Files (x86)\keil 51\C51\BIN\C51.EXE code\McuFlash.c LARGE OPTIMIZE(7,SPEED) BROWSE INCDI
                    -R(.\header;.\roidmi\inc) DEBUG OBJECTEXTEND PRINT(.\output\McuFlash.lst) TABS(2) OBJECT(.\output\McuFlash.obj)

line level    source

   1          /********************************************************************************
   2          Copyright (C), Sinowealth Electronic. Ltd.
   3          Author:   
   4          Version:  V0.0
   5          Date:     2016/05/18
   6          History:
   7                    V0.0    2016/05/18     Preliminary
   8          ********************************************************************************/
   9          #include "System.h"
  10          
  11          
  12          /*******************************************************************************
  13          Function:void Flash_wirte_one_byte(U16 xdata ADRS,U8 xdata WDAT)
  14          Description:  
  15          Input:    
  16          Output: 
  17          Others:
  18          *******************************************************************************/
  19          void Flash_wirte_one_byte(U16 xdata ADRS,U8 xdata WDAT)
  20          {
  21   1          EA = 0;
  22   1          FLASHCON = 1;
  23   1      
  24   1          XPAGE = ADRS / 256;
  25   1          IB_OFFSET = ADRS % 256;
  26   1      
  27   1          IB_DATA = WDAT;
  28   1      
  29   1          IB_CON1 = 0x6E; 
  30   1          IB_CON2 = 0x05;
  31   1          IB_CON3 = 0x0A;
  32   1          IB_CON4 = 0x09;
  33   1          IB_CON5 = 0x06;
  34   1          _nop_();    
  35   1          _nop_();
  36   1          _nop_(); 
  37   1          _nop_();
  38   1        _nop_();
  39   1        
  40   1          FLASHCON = 0; 
  41   1          EA = 1;
  42   1      }
  43          
  44          
  45          /*******************************************************************************
  46          Function:BlackE2CheckUp(U16 Saddr, U16 num) 
  47          Description:  
  48          Input:    
  49          Output: 
  50          Others:
  51          *******************************************************************************/
  52          BOOL BlackE2CheckUp(U16 Saddr)
  53          {
  54   1          U16 i;
C51 COMPILER V9.52.0.0   MCUFLASH                                                          10/24/2019 15:16:24 PAGE 2   

  55   1          
  56   1          FLASHCON = 0x01;
  57   1          RSTSTAT = 0x00;
  58   1          
  59   1          for(i=0; i<512; i++)
  60   1          {
  61   2          RSTSTAT = 0x00;
  62   2              if(CBYTE[Saddr+i] != 0x00)
  63   2              {
  64   3                  return 0;
  65   3              }
  66   2          }
  67   1          
  68   1          return 1;
  69   1      }
  70          
  71          
  72          /*******************************************************************************
  73          Function:WriteE2Sector(U16 Saddr, U16 num) 
  74          Description:  
  75          Input:    
  76          Output: 
  77          Others:
  78          *******************************************************************************/
  79          BOOL WriteE2Sector(U16 Saddr)
  80          {
  81   1          U16 i;
  82   1          U8 xdata *data ptr = 0;
  83   1          BOOL returnflg = 0;
  84   1          
  85   1          RSTSTAT = 0x00;
  86   1      
  87   1          for(i=0; i<512; i++)
  88   1          {
  89   2          RSTSTAT = 0x00;
  90   2              IB_OFFSET = Saddr+i;
  91   2              XPAGE = (Saddr+i)>>8;
  92   2              IB_DATA = *(ptr+i);
  93   2              
  94   2              if(ucUpDataLimitTime == 0)
  95   2              {
  96   3                  IB_CON1 = 0x6E;
  97   3                  if(!EA)
  98   3                  {
  99   4                      IB_CON2 = 0x05;
 100   4                      if(FLASHCON)
 101   4                      {
 102   5                          IB_CON3 = 0x0A;
 103   5                          if(ucFlashWrValid == 0x55)
 104   5                          {
 105   6                              IB_CON4 = 0x09;
 106   6                              if(XPAGE == ((Saddr+i)>>8))
 107   6                              {
 108   7                                  IB_CON5 = 0x06;
 109   7                                  _nop_();
 110   7                                  _nop_();
 111   7                                  _nop_();
 112   7                                  _nop_();
 113   7                                  _nop_();
 114   7                                  
 115   7                                  returnflg = 1;
 116   7                              }
C51 COMPILER V9.52.0.0   MCUFLASH                                                          10/24/2019 15:16:24 PAGE 3   

 117   6                              else break;
 118   6                          }
 119   5                          else break;
 120   5                      }
 121   4                      else break;
 122   4                  }
 123   3                  else break;
 124   3              }
 125   2              else break;
 126   2          }
 127   1          return returnflg;
 128   1      }
 129          
 130          
 131          /*******************************************************************************
 132          Function:WriteMcuFlash(U16 Saddr) 
 133          Description:  
 134          Input:    
 135          Output: 
 136          Others:
 137          *******************************************************************************/
 138          BOOL WriteMcuFlash(U16 Saddr) //write dataflash from xdata map
 139          {                         //Saddr:dataflash addr  ,num:length of data, dataaddr: addr of map in xdata
 140   1          BOOL returnflg = 0;
 141   1      
 142   1          RSTSTAT = 0x00;
 143   1          EA = 0;
 144   1          FLASHCON = 0x01;
 145   1          XPAGE = Saddr >> 8;
 146   1          
 147   1          if(ucUpDataLimitTime == 0)
 148   1          {
 149   2              IB_CON1 = 0xE6; //扇区擦除
 150   2              if(!EA)
 151   2              {
 152   3                  IB_CON2 = 0x05;//固定
 153   3                  if(FLASHCON)
 154   3                  {
 155   4                      IB_CON3 = 0x0A;//固定
 156   4                      if(ucFlashWrValid == 0x55)
 157   4                      {
 158   5                          IB_CON4 = 0x09;//固定
 159   5                          if(XPAGE == (Saddr >> 8))
 160   5                          {
 161   6                              IB_CON5 = 0x06;//固定
 162   6                              _nop_();
 163   6                              _nop_();
 164   6                              _nop_();
 165   6                              _nop_();
 166   6                              _nop_();
 167   6      
 168   6                              if(BlackE2CheckUp(Saddr))                   
 169   6                              {
 170   7                                  E2uiCheckFlag = 0x5AA5;
 171   7                                  
 172   7                                  if(WriteE2Sector(Saddr))                    
 173   7                                  {
 174   8                                      if(E2DataCheckUp(Saddr))              
 175   8                                      {
 176   9                                          returnflg = 1;
 177   9                                      }
 178   8                                  }
C51 COMPILER V9.52.0.0   MCUFLASH                                                          10/24/2019 15:16:24 PAGE 4   

 179   7                              }
 180   6                          }
 181   5                      }
 182   4                  }
 183   3              }
 184   2          }
 185   1      
 186   1          IB_CON1 = 0;
 187   1          IB_CON2 = 0;
 188   1          IB_CON3 = 0;
 189   1          IB_CON4 = 0;
 190   1          IB_CON5 = 0;
 191   1          
 192   1          FLASHCON = 0x00;
 193   1          XPAGE = 0x00;
 194   1          EA = 1;
 195   1          
 196   1          return returnflg;
 197   1      }
 198          
 199          
 200          /*******************************************************************************
 201          Function:E2DataCheckUp() 
 202          Description:  
 203          Input:    
 204          Output: 
 205          Others:
 206          *******************************************************************************/
 207          BOOL E2DataCheckUp(U16 Saddr)
 208          {
 209   1          U8 xdata *data ptr = 0;
 210   1          U16 i;
 211   1          
 212   1          FLASHCON = 0x01;
 213   1          RSTSTAT = 0x00;
 214   1          
 215   1          for(i=0; i<512; i++)
 216   1          {
 217   2          RSTSTAT = 0x00;
 218   2              if(CBYTE[Saddr+i] != *(ptr+i))
 219   2              {
 220   3                  return 0;
 221   3              }
 222   2          }
 223   1          return 1;
 224   1      }
 225          
 226          
 227          /*******************************************************************************
 228          Function:Dataflash_Check() 
 229          Description:  
 230          Input:    
 231          Output: 
 232          Others:
 233          *******************************************************************************/
 234          //bit Dataflash_Check(U16 Flashaddr, U16 num, U8 xdata *dataaddr)
 235          //{
 236          //  U8  temp;
 237          //  U16 i;
 238          //  BOOL result=0;
 239          //  FLASHCON = 0x01;
 240          //
C51 COMPILER V9.52.0.0   MCUFLASH                                                          10/24/2019 15:16:24 PAGE 5   

 241          //  for(i=0; i<num; i++)
 242          //  {
 243          //    temp = CBYTE[Flashaddr+i];
 244          //    if(temp!=*(dataaddr+i))
 245          //    {
 246          //      result=0;
 247          //      goto loop;
 248          //    }
 249          //  }
 250          //  result=1;
 251          //loop:
 252          //  
 253          //  FLASHCON = 0x00;
 254          //  return result;
 255          //
 256          //}
 257          
 258          
 259          /*******************************************************************************
 260          Function:FlashProcess() 
 261          Description:  
 262          Input:    
 263          Output: 
 264          Others:
 265          *******************************************************************************/
 266          void FlashProcess(void)
 267          {
 268   1        BOOL E2S0WRFailFlg=0, E2S1WRFailFlg=0;
 269   1        ucFlashWrValid = 0x55;
 270   1      
 271   1        if(ucCellNum > 5)
 272   1        {
 273   2          uiVoltageMin = 10000;
 274   2        }
 275   1        else
 276   1        {
 277   2          uiVoltageMin = 5000;
 278   2        }
 279   1      
 280   1      #if discurdebug
 281   1          printf("\n -----uiVoltageMin = %d ----\n",uiVoltageMin);    
 282   1      #endif    
 283   1          if((Info.ulVoltage >= uiVoltageMin)&&(E2uiCheckFlag == 0x5AA5))                  //10V
 284   1          {
 285   2      #if discurdebug
 286   2          printf("\n -----满足条件 ----\n");    
 287   2      #endif  
 288   2              if(!WriteMcuFlash(DATAFLASH_ADDR))//写入不成功
 289   2              {
 290   3      #if discurdebug
 291   3          printf("\n -----写入不成功DATAFLASH_ADDR ----\n");    
 292   3      #endif    
 293   3                if(!WriteMcuFlash(DATAFLASH_ADDR))
 294   3                  {
 295   4                      E2S0WRFailFlg = 1;
 296   4                      E2uiCheckFlag = 0xFFFF;
 297   4                      Flash_wirte_one_byte(DATAFLASH_ADDR+510,0xFF);
 298   4                      Flash_wirte_one_byte(DATAFLASH_ADDR+511,0xFF);        
 299   4                  }
 300   3                  else if(!WriteMcuFlash(DATAFLASH_ADDR2))
 301   3                  {
 302   4                      if(!WriteMcuFlash(DATAFLASH_ADDR2))
C51 COMPILER V9.52.0.0   MCUFLASH                                                          10/24/2019 15:16:24 PAGE 6   

 303   4                      {
 304   5                          E2S1WRFailFlg = 1;
 305   5                          E2uiCheckFlag = 0xFFFF;
 306   5                          Flash_wirte_one_byte(DATAFLASH_ADDR2+510,0xFF);
 307   5                          Flash_wirte_one_byte(DATAFLASH_ADDR2+511,0xFF);
 308   5                      } 
 309   4                  }     
 310   3              }
 311   2      
 312   2              else if(!WriteMcuFlash(DATAFLASH_ADDR2))
 313   2              {
 314   3      #if discurdebug
 315   3          printf("\n -----写入不成功DATAFLASH_ADDR2 ----\n");    
 316   3      #endif    
 317   3                if(!WriteMcuFlash(DATAFLASH_ADDR2))
 318   3                  {
 319   4                      E2S1WRFailFlg = 1;
 320   4                      E2uiCheckFlag = 0xFFFF;
 321   4                      Flash_wirte_one_byte(DATAFLASH_ADDR2+510,0xFF);
 322   4                      Flash_wirte_one_byte(DATAFLASH_ADDR2+511,0xFF);       
 323   4                  } 
 324   3              }
 325   2          }
 326   1          else
 327   1          {
 328   2              E2S0WRFailFlg = 1;
 329   2              E2S1WRFailFlg = 1;
 330   2          }
 331   1      
 332   1          ucFlashWrValid = 0x00;
 333   1      
 334   1        if(bUartNeedAckFlg)   
 335   1          {
 336   2              bUartNeedAckFlg = 0;
 337   2              
 338   2              if(E2S0WRFailFlg & E2S1WRFailFlg)
 339   2              {
 340   3                  UART_SEND_NACK;
 341   3              }
 342   2              else
 343   2              {
 344   3                  UART_SEND_ACK;  
 345   3              } 
 346   2          }
 347   1      }
 348          
 349          
 350          /*******************************************************************************
 351          Function: ReadMcuFlash(U16 SourceAddr, U16 DestAddr, U8 Length)
 352          Description:  
 353          Input:  
 354          Output: 
 355          Others:
 356          *******************************************************************************/
 357          BOOL ReadMcuFlash(U16 SourceAddr, U8 xdata *DestAddr, U16 Length)
 358          {
 359   1        U16 i;
 360   1          BOOL result = 0;
 361   1          U8 xdata *data DestAddr1 = DestAddr;
 362   1      
 363   1        EA = 0;
 364   1        FLASHCON = 0x01;
C51 COMPILER V9.52.0.0   MCUFLASH                                                          10/24/2019 15:16:24 PAGE 7   

 365   1          
 366   1          if(CWORD[(SourceAddr+510)/2] == 0x5AA5)
 367   1          {
 368   2              for(i=0; i<=Length; i++)
 369   2              {
 370   3                  RSTSTAT = 0x00;
 371   3                  *DestAddr1 = CBYTE[SourceAddr+i];
 372   3                  DestAddr1++;
 373   3              }
 374   2              result = 1;
 375   2          }
 376   1      
 377   1        FLASHCON = 0x00;
 378   1          return result;
 379   1      }
 380          
 381          
 382          /*******************************************************************************
 383          Function: WriteFlashCheck(void)
 384          Description:  
 385          Input:  
 386          Output: 
 387          Others:
 388          *******************************************************************************/
 389          void WriteFlashCheck(void)
 390          {
 391   1        if(bWriteFlashFlg)
 392   1        {
 393   2          if(++ucWriteFlashCnt >= 2)//2s
 394   2          {
 395   3            ucWriteFlashCnt = 0;
 396   3            bWriteFlashFlg = 0;
 397   3            bUpdataFlashFlg = 1;  
 398   3          }
 399   2        }
 400   1      }


MODULE INFORMATION:   STATIC OVERLAYABLE
   CODE SIZE        =    885    ----
   CONSTANT SIZE    =    130    ----
   XDATA SIZE       =   ----      12
   PDATA SIZE       =   ----    ----
   DATA SIZE        =   ----       6
   IDATA SIZE       =   ----    ----
   BIT SIZE         =   ----       5
END OF MODULE INFORMATION.


C51 COMPILATION COMPLETE.  0 WARNING(S),  0 ERROR(S)
