C51 COMPILER V9.52.0.0   PERIPH                                                            10/11/2019 13:45:58 PAGE 1   


C51 COMPILER V9.52.0.0, COMPILATION OF MODULE PERIPH
OBJECT MODULE PLACED IN .\output\periph.obj
COMPILER INVOKED BY: C:\Program Files (x86)\keil 51\C51\BIN\C51.EXE roidmi\src\periph.c LARGE OPTIMIZE(7,SPEED) BROWSE I
                    -NCDIR(.\header;.\roidmi\inc) DEBUG OBJECTEXTEND PRINT(.\output\periph.lst) TABS(2) OBJECT(.\output\periph.obj)

line level    source

   1          #include "System.h"
   2          #include "AfeMtp.h"
   3          
   4          //#define IO_Error_1         P3_1 //led错误io口红灯显示
   5          //#define IO_Error_2         P3_5 //led错误io口红灯显示
   6          //#define IO_Error_4         P2_6 //led错误io口红灯显示
   7          //#define IO_Error_8         P2_7 //led错误io口红灯显示
   8          
   9          
  10          LED_state_cfg LED1_cfg,LED2_cfg,LED3_cfg,LED4_cfg;
  11          static void LED_ON_OFF(LED_state_cfg LED_cfg_R,LED_select LED_select_r);
  12          static void LED_ON(U8 LED_select_r);
  13          static void LED_OFF(U8 LED_select_r);
  14          U8 SYS_State = LED_STATE_POWERDOWN;
  15          /*******************************************************************************************
  16          * 函数名: SetLEDState
  17          * 参  数: 无
  18          * 返回值: 无
  19          * 作  用: 设置LED亮灭的状态
  20          *********************************************************************************************/
  21          void SetLEDState( LED_DISPLAY_STATE state)           
  22          {   
  23   1        switch(state)
  24   1        {
  25   2          case LED_STATE_POWERDOWN:
  26   2            /***第一个灯的状态***/
  27   2            //4个灯是什么样的状态 
  28   2            LED1_cfg.ontime  = 0;
  29   2            LED1_cfg.offtime = 0;
  30   2            LED1_cfg.repeatCount = 0;
  31   2            LED1_cfg.AlawaysOn = 0;
  32   2            LED_ON_OFF(LED1_cfg,Error1);
  33   2            /***第二个灯的状态***/
  34   2            LED2_cfg.ontime  = 0;
  35   2            LED2_cfg.offtime = 0;
  36   2            LED2_cfg.repeatCount = 0;
  37   2            LED2_cfg.AlawaysOn = 0;
  38   2            LED_ON_OFF(LED2_cfg,Error2);
  39   2            /***第三个灯的状态***/
  40   2            LED3_cfg.ontime  = 0;
  41   2            LED3_cfg.offtime = 0;
  42   2            LED3_cfg.repeatCount = 0;
  43   2            LED3_cfg.AlawaysOn = 0;
  44   2            LED_ON_OFF(LED3_cfg,Error4);
  45   2            /***第四个灯的状态***/
  46   2            LED4_cfg.ontime  = 0;
  47   2            LED4_cfg.offtime = 0;
  48   2            LED4_cfg.repeatCount = 0;
  49   2            LED4_cfg.AlawaysOn = 0;
  50   2            LED_ON_OFF(LED4_cfg,Error8);
  51   2            break;
  52   2            
  53   2          case LED_STATE_IDLE:
  54   2            //4个灯是什么样的状态 
C51 COMPILER V9.52.0.0   PERIPH                                                            10/11/2019 13:45:58 PAGE 2   

  55   2            LED1_cfg.ontime  = 0;
  56   2            LED1_cfg.offtime = 0;
  57   2            LED1_cfg.repeatCount = 0;
  58   2            LED1_cfg.AlawaysOn = 0;
  59   2            LED_ON_OFF(LED1_cfg,Error1);
  60   2            /***第二个灯的状态***/
  61   2            LED2_cfg.ontime  = 10;
  62   2            LED2_cfg.offtime = 10;
  63   2            LED2_cfg.repeatCount = 0xff;
  64   2            LED2_cfg.AlawaysOn = 0x01;
  65   2            LED_ON_OFF(LED2_cfg,Error2);
  66   2            /***第三个灯的状态***/
  67   2            LED3_cfg.ontime  = 0;
  68   2            LED3_cfg.offtime = 0;
  69   2            LED3_cfg.repeatCount = 0;
  70   2            LED3_cfg.AlawaysOn = 0;
  71   2            LED_ON_OFF(LED3_cfg,Error4);
  72   2            /***第四个灯的状态***/
  73   2            LED4_cfg.ontime  = 0;
  74   2            LED4_cfg.offtime = 0;
  75   2            LED4_cfg.repeatCount = 0;
  76   2            LED4_cfg.AlawaysOn = 0;
  77   2            LED_ON_OFF(LED4_cfg,Error8);
  78   2            break;
  79   2            
  80   2             //正在充电的状态
  81   2          case LED_STATE_CHARGING:
  82   2            LED1_cfg.ontime  = 0;
  83   2            LED1_cfg.offtime = 0;
  84   2            LED1_cfg.repeatCount = 0;
  85   2            LED1_cfg.AlawaysOn = 0xff;
  86   2            LED_ON_OFF(LED1_cfg,Error1);
  87   2            /***第二个灯的状态***/
  88   2            LED2_cfg.ontime  = 0;
  89   2            LED2_cfg.offtime = 0;
  90   2            LED2_cfg.repeatCount = 0;
  91   2            LED2_cfg.AlawaysOn = 0;
  92   2            LED_ON_OFF(LED2_cfg,Error2);
  93   2            /***第三个灯的状态***/
  94   2            LED3_cfg.ontime  = 0;
  95   2            LED3_cfg.offtime = 0;
  96   2            LED3_cfg.repeatCount = 0;
  97   2            LED3_cfg.AlawaysOn = 0;
  98   2            LED_ON_OFF(LED3_cfg,Error4);
  99   2            /***第四个灯的状态***/
 100   2            LED4_cfg.ontime  = 0;
 101   2            LED4_cfg.offtime = 0;
 102   2            LED4_cfg.repeatCount = 0;
 103   2            LED4_cfg.AlawaysOn = 0;
 104   2            LED_ON_OFF(LED4_cfg,Error8);
 105   2            break;
 106   2          case LED_STATE_DISCHARGE:
 107   2            LED1_cfg.ontime  = 0;
 108   2            LED1_cfg.offtime = 0;
 109   2            LED1_cfg.repeatCount = 0;
 110   2            LED1_cfg.AlawaysOn = 0;
 111   2            LED_ON_OFF(LED1_cfg,Error1);
 112   2            /***第二个灯的状态***/
 113   2            LED2_cfg.ontime  = 0;
 114   2            LED2_cfg.offtime = 0;
 115   2            LED2_cfg.repeatCount = 0;
 116   2            LED2_cfg.AlawaysOn = 0xff;
C51 COMPILER V9.52.0.0   PERIPH                                                            10/11/2019 13:45:58 PAGE 3   

 117   2            LED_ON_OFF(LED2_cfg,Error2);
 118   2            /***第三个灯的状态***/
 119   2            LED3_cfg.ontime  = 0;
 120   2            LED3_cfg.offtime = 0;
 121   2            LED3_cfg.repeatCount = 0;
 122   2            LED3_cfg.AlawaysOn = 0;
 123   2            LED_ON_OFF(LED3_cfg,Error4);
 124   2            /***第四个灯的状态***/
 125   2            LED4_cfg.ontime  = 0;
 126   2            LED4_cfg.offtime = 0;
 127   2            LED4_cfg.repeatCount = 0;
 128   2            LED4_cfg.AlawaysOn = 0;
 129   2            LED_ON_OFF(LED4_cfg,Error8);
 130   2            break;
 131   2          case LED_STATE_ERROR:
 132   2            LED1_cfg.ontime  = 0;
 133   2            LED1_cfg.offtime = 0;
 134   2            LED1_cfg.repeatCount = 0;
 135   2            LED1_cfg.AlawaysOn = 0;
 136   2            LED_ON_OFF(LED1_cfg,Error1);
 137   2            /***第二个灯的状态***/
 138   2            LED2_cfg.ontime  = 0;
 139   2            LED2_cfg.offtime = 0;
 140   2            LED2_cfg.repeatCount = 0;
 141   2            LED2_cfg.AlawaysOn = 0;
 142   2            LED_ON_OFF(LED2_cfg,Error2);
 143   2            /***第三个灯的状态***/
 144   2            LED3_cfg.ontime  = 0;
 145   2            LED3_cfg.offtime = 0;
 146   2            LED3_cfg.repeatCount = 0;
 147   2            LED3_cfg.AlawaysOn = 0;
 148   2            LED_ON_OFF(LED3_cfg,Error4);
 149   2            /***第四个灯的状态***/
 150   2            LED4_cfg.ontime  = 0;
 151   2            LED4_cfg.offtime = 0;
 152   2            LED4_cfg.repeatCount = 0;
 153   2            LED4_cfg.AlawaysOn = 0xff;
 154   2            LED_ON_OFF(LED4_cfg,Error8);
 155   2            break;  
 156   2            
 157   2          default:
 158   2            LED1_cfg.ontime  = 0;
 159   2            LED1_cfg.offtime = 0;
 160   2            LED1_cfg.repeatCount = 0;
 161   2            LED1_cfg.AlawaysOn = 0;
 162   2            LED_ON_OFF(LED1_cfg,Error1);
 163   2            /***第二个灯的状态***/
 164   2            LED2_cfg.ontime  = 0;
 165   2            LED2_cfg.offtime = 0;
 166   2            LED2_cfg.repeatCount = 0;
 167   2            LED2_cfg.AlawaysOn = 0;
 168   2            LED_ON_OFF(LED2_cfg,Error2);
 169   2            /***第三个灯的状态***/
 170   2            LED3_cfg.ontime  = 0;
 171   2            LED3_cfg.offtime = 0;
 172   2            LED3_cfg.repeatCount = 0;
 173   2            LED3_cfg.AlawaysOn = 0;
 174   2            LED_ON_OFF(LED3_cfg,Error4);
 175   2            /***第四个灯的状态***/
 176   2            LED4_cfg.ontime  = 0;
 177   2            LED4_cfg.offtime = 0;
 178   2            LED4_cfg.repeatCount = 0;
C51 COMPILER V9.52.0.0   PERIPH                                                            10/11/2019 13:45:58 PAGE 4   

 179   2            LED4_cfg.AlawaysOn = 0;
 180   2            LED_ON_OFF(LED4_cfg,Error8);
 181   2            break;
 182   2        }
 183   1        
 184   1      }
 185          /*******************************************************************************************
 186          * 函数名: LED_ON_OFF
 187          * 参  数: 
 188          * 返回值: 无
 189          * 作  用: 设置对应LED的配置
 190          *********************************************************************************************/
 191          U8 xdata timeCnt = 0;
 192          //LED_ON_OFF(U8 a)
 193          static void LED_ON_OFF(LED_state_cfg LED_cfg_R,LED_select LED_select_r)
 194          {
 195   1        U8 xdata ontime = LED_cfg_R.ontime;
 196   1        U8 xdata offtime =  LED_cfg_R.offtime;
 197   1        U8 xdata repeatCount = LED_cfg_R.repeatCount ;
 198   1        U8 xdata AlawaysOn = LED_cfg_R.AlawaysOn;
 199   1        if(AlawaysOn == 0xff)//常亮
 200   1        {
 201   2          LED_ON(LED_select_r);
 202   2        }
 203   1        else if(AlawaysOn == 0x0)
 204   1        {
 205   2          LED_OFF(LED_select_r);
 206   2        }
 207   1        else
 208   1        {
 209   2          //无线循环闪动
 210   2          if(repeatCount == 0xff)
 211   2          {
 212   3            if(++timeCnt < (ontime + offtime))
 213   3            {       
 214   4              if(timeCnt < ontime)
 215   4              {
 216   5                LED_ON(LED_select_r);
 217   5              }
 218   4              else
 219   4              {
 220   5                LED_OFF(LED_select_r);
 221   5              }
 222   4            }
 223   3            else 
 224   3            {
 225   4              timeCnt = 0;
 226   4              
 227   4            }
 228   3            
 229   3      
 230   3          }
 231   2          else
 232   2          {
 233   3            if(repeatCount >= 0)
 234   3            {
 235   4              repeatCount--;
 236   4                if(++timeCnt < (ontime + offtime))
 237   4              {       
 238   5                if(timeCnt < ontime)
 239   5                {
 240   6                  LED_ON(LED_select_r);
C51 COMPILER V9.52.0.0   PERIPH                                                            10/11/2019 13:45:58 PAGE 5   

 241   6                }
 242   5                else
 243   5                {
 244   6                  LED_OFF(LED_select_r);
 245   6                }
 246   5              }
 247   4              else 
 248   4              {
 249   5                timeCnt = 0;
 250   5                
 251   5              }
 252   4            }
 253   3          }
 254   2      
 255   2      
 256   2      
 257   2        }
 258   1      
 259   1      }
 260          
 261          static void LED_ON(LED_select LED_select_r)
 262          {
 263   1          switch(LED_select_r)
 264   1          {
 265   2            //LED1
 266   2            case Error1:
 267   2              IO_Error_1 = 1;     
 268   2              break;
 269   2            //LED2
 270   2            case Error2:
 271   2              IO_Error_2 = 1;
 272   2              break;
 273   2            //LED3
 274   2            case Error4:
 275   2              IO_Error_4 = 1;
 276   2              break;
 277   2            //LED4
 278   2            case Error8:
 279   2              IO_Error_8 = 1;
 280   2              break;
 281   2            default:
 282   2              break;
 283   2          }
 284   1      }
 285          
 286          static void LED_OFF(LED_select LED_select_r)
 287          {
 288   1            switch(LED_select_r)
 289   1          {
 290   2            //LED1
 291   2            case Error1:
 292   2              IO_Error_1 = 0;     
 293   2              break;
 294   2            //LED2
 295   2            case Error2:
 296   2              IO_Error_2 = 0;
 297   2              break;
 298   2            //LED3
 299   2            case Error4:
 300   2              IO_Error_4 = 0;
 301   2              break;
 302   2            //LED4
C51 COMPILER V9.52.0.0   PERIPH                                                            10/11/2019 13:45:58 PAGE 6   

 303   2            case Error8:
 304   2              IO_Error_8 = 0;
 305   2              break;
 306   2            default:
 307   2              break;
 308   2          }
 309   1      
 310   1      }
 311          
 312          /*******************************************************************************************
 313          * 函数名: LED_Proc
 314          * 参  数: 
 315          * 返回值: 无
 316          * 作  用: 
 317          *********************************************************************************************/
 318          U8 xdata LedDsgCnt = 0;
 319          U8 xdata LedChgCnt = 0;
 320          U8 xdata LedRCnt = 0;
 321          #define DelayLedChg 40
 322          void LED_Proc(void)
 323          {
 324   1        if(bAFE_OV|| bCTO||bOTD|| bUTD|| bUV||bOCD||bAFE_SC||(bFD&&bDSGEnd)||bLoadConectFlg||bOTC||bUTC\
 325   1          ||bHV||bOCC||(bFC&&bCHGEnd)||OIV||UIV||FOPEN||Odiff||MCU_Short_falg)
 326   1        {
 327   2          SetLEDState(LED_STATE_ERROR);
 328   2        }
 329   1        else
 330   1        {
 331   2        //正在放电
 332   2          if(bDSGING == 1)
 333   2          {
 334   3            LedChgCnt = 0;
 335   3            LedRCnt = 0;
 336   3            if(++LedDsgCnt > DelayLedChg)
 337   3            {
 338   4              LedDsgCnt = 0;
 339   4              SetLEDState(LED_STATE_DISCHARGE);
 340   4            }
 341   3          }
 342   2          else if(bCHGING == 1)//正在充电
 343   2          {
 344   3            LedDsgCnt = 0;
 345   3            LedRCnt = 0;
 346   3            if(++LedChgCnt > DelayLedChg)
 347   3            {
 348   4              LedChgCnt = 0;
 349   4              SetLEDState(LED_STATE_CHARGING);
 350   4            }
 351   3          }
 352   2          //不在充电也不在放电的话，就
 353   2          else
 354   2          {
 355   3            LedChgCnt = 0;
 356   3            LedDsgCnt = 0;
 357   3            if(++LedRCnt > DelayLedChg)
 358   3            {
 359   4              LedRCnt = 0;
 360   4              SetLEDState(LED_STATE_IDLE);
 361   4            }
 362   3            
 363   3          }
 364   2        }
C51 COMPILER V9.52.0.0   PERIPH                                                            10/11/2019 13:45:58 PAGE 7   

 365   1      
 366   1      }


MODULE INFORMATION:   STATIC OVERLAYABLE
   CODE SIZE        =   1384    ----
   CONSTANT SIZE    =   ----    ----
   XDATA SIZE       =     21       9
   PDATA SIZE       =   ----    ----
   DATA SIZE        =   ----    ----
   IDATA SIZE       =   ----    ----
   BIT SIZE         =   ----    ----
END OF MODULE INFORMATION.


C51 COMPILATION COMPLETE.  0 WARNING(S),  0 ERROR(S)
