C51 COMPILER V9.52.0.0   PWM                                                               10/11/2019 13:45:59 PAGE 1   


C51 COMPILER V9.52.0.0, COMPILATION OF MODULE PWM
OBJECT MODULE PLACED IN .\output\pwm.obj
COMPILER INVOKED BY: C:\Program Files (x86)\keil 51\C51\BIN\C51.EXE roidmi\src\pwm.c LARGE OPTIMIZE(7,SPEED) BROWSE INCD
                    -IR(.\header;.\roidmi\inc) DEBUG OBJECTEXTEND PRINT(.\output\pwm.lst) TABS(2) OBJECT(.\output\pwm.obj)

line level    source

   1          #include "System.h"
   2          #include "AfeMtp.h"
   3          
   4          
   5          /*************************************************************************************************
   6          * 函数名: PWM_Output
   7          * 参  数: 选择占空比
   8          * 返回值: 无
   9          * 作  用: 
  10          *************************************************************************************************/
  11          void PWM_Output(PWM_Select PWM_t)
  12          {
  13   1      
  14   1        switch(PWM_t)
  15   1        {
  16   2          case PWM0Percent:
  17   2          PWM2CON &= ~0x01; //用作IO口
  18   2          PWMCON_PIN = 0;
  19   2          break;
  20   2          case PWM30Percent:
  21   2          PWM2DL = (U16)(PWM2PL+PWM2PH*256)*PWM30Percent_value/100;
  22   2          PWM2DH = ((U16)(PWM2PL+PWM2PH*256)*PWM30Percent_value/100) >> 8;
  23   2          PWM2CON |= 0x01;
  24   2          break;
  25   2          case PWM60Percent:
  26   2          PWM2DL = (U16)(PWM2PL+PWM2PH*256)*PWM60Percent_value/100;
  27   2          PWM2DH = ((U16)(PWM2PL+PWM2PH*256)*PWM60Percent_value/100) >> 8;
  28   2          PWM2CON |= 0x01;
  29   2          break;
  30   2          case PWM100Percent:
  31   2          PWM2CON &= ~0x01; //用作IO口
  32   2          PWMCON_PIN = 1;
  33   2          break;
  34   2          default:
  35   2          PWM2CON &= ~0x01; //用作IO口
  36   2          PWMCON_PIN = 0;
  37   2          break;
  38   2        }
  39   1      
  40   1      }
  41          
  42          
  43          
  44          
  45          
  46          
  47          
  48          
  49          
  50          
  51          
  52          
  53          
  54          
C51 COMPILER V9.52.0.0   PWM                                                               10/11/2019 13:45:59 PAGE 2   

  55          
  56          
  57          
  58          
  59          
  60          
  61          
  62          
  63          
  64          
  65          
  66          
  67          
  68          
  69          
  70          
  71          
  72          
  73          
  74          
  75          
  76          
  77          


MODULE INFORMATION:   STATIC OVERLAYABLE
   CODE SIZE        =    152    ----
   CONSTANT SIZE    =   ----    ----
   XDATA SIZE       =   ----    ----
   PDATA SIZE       =   ----    ----
   DATA SIZE        =   ----    ----
   IDATA SIZE       =   ----    ----
   BIT SIZE         =   ----    ----
END OF MODULE INFORMATION.


C51 COMPILATION COMPLETE.  0 WARNING(S),  0 ERROR(S)
